<?xml version="1.0" encoding="UTF-8"?>
<testsuite name="org.gradle.tests0.Test0_2" tests="1" skipped="0" failures="0" errors="0" timestamp="2017-08-08T16:02:48" hostname="i-am-gw.local" time="0.006">
  <properties/>
  <testcase name="myTest" classname="org.gradle.tests0.Test0_2" time="0.006"/>
  <system-out><![CDATA[]]></system-out>
  <system-err><![CDATA[]]></system-err>
</testsuite>
